mode: set
github.com/nubank/go-ibft/messages/event_manager.go:17.38,22.2 1 1
github.com/nubank/go-ibft/messages/event_manager.go:58.78,80.2 8 1
github.com/nubank/go-ibft/messages/event_manager.go:83.63,87.50 3 1
github.com/nubank/go-ibft/messages/event_manager.go:87.50,91.3 3 1
github.com/nubank/go-ibft/messages/event_manager.go:95.33,99.48 3 1
github.com/nubank/go-ibft/messages/event_manager.go:103.2,103.44 1 1
github.com/nubank/go-ibft/messages/event_manager.go:99.48,101.3 1 1
github.com/nubank/go-ibft/messages/event_manager.go:111.3,112.49 1 1
github.com/nubank/go-ibft/messages/event_manager.go:118.2,121.48 3 1
github.com/nubank/go-ibft/messages/event_manager.go:112.49,116.3 1 1
github.com/nubank/go-ibft/messages/event_manager.go:121.48,127.3 1 1
github.com/nubank/go-ibft/messages/event_subscription.go:22.38,24.2 1 1
github.com/nubank/go-ibft/messages/event_subscription.go:27.40,30.6 2 1
github.com/nubank/go-ibft/messages/event_subscription.go:30.6,31.10 1 1
github.com/nubank/go-ibft/messages/event_subscription.go:32.20,33.10 1 1
github.com/nubank/go-ibft/messages/event_subscription.go:34.31,35.11 1 1
github.com/nubank/go-ibft/messages/event_subscription.go:36.21,37.11 1 0
github.com/nubank/go-ibft/messages/event_subscription.go:38.30,38.30 0 1
github.com/nubank/go-ibft/messages/event_subscription.go:49.8,51.43 1 1
github.com/nubank/go-ibft/messages/event_subscription.go:56.2,56.28 1 1
github.com/nubank/go-ibft/messages/event_subscription.go:69.2,69.43 1 1
github.com/nubank/go-ibft/messages/event_subscription.go:75.2,75.51 1 1
github.com/nubank/go-ibft/messages/event_subscription.go:51.43,53.3 1 1
github.com/nubank/go-ibft/messages/event_subscription.go:56.28,58.41 1 1
github.com/nubank/go-ibft/messages/event_subscription.go:58.41,60.4 1 1
github.com/nubank/go-ibft/messages/event_subscription.go:61.8,63.42 1 1
github.com/nubank/go-ibft/messages/event_subscription.go:63.42,65.4 1 1
github.com/nubank/go-ibft/messages/event_subscription.go:69.43,71.3 1 1
github.com/nubank/go-ibft/messages/event_subscription.go:83.3,84.58 1 1
github.com/nubank/go-ibft/messages/event_subscription.go:88.2,88.9 1 1
github.com/nubank/go-ibft/messages/event_subscription.go:84.58,86.3 1 1
github.com/nubank/go-ibft/messages/event_subscription.go:89.33,89.33 0 1
github.com/nubank/go-ibft/messages/event_subscription.go:90.10,90.10 0 0
github.com/nubank/go-ibft/messages/helpers.go:15.78,18.47 2 1
github.com/nubank/go-ibft/messages/helpers.go:26.2,26.23 1 1
github.com/nubank/go-ibft/messages/helpers.go:18.47,19.53 1 1
github.com/nubank/go-ibft/messages/helpers.go:23.3,23.79 1 1
github.com/nubank/go-ibft/messages/helpers.go:19.53,20.12 1 1
github.com/nubank/go-ibft/messages/helpers.go:30.72,37.2 2 1
github.com/nubank/go-ibft/messages/helpers.go:40.61,41.52 1 1
github.com/nubank/go-ibft/messages/helpers.go:45.2,47.43 2 1
github.com/nubank/go-ibft/messages/helpers.go:41.52,43.3 1 1
github.com/nubank/go-ibft/messages/helpers.go:51.61,52.58 1 1
github.com/nubank/go-ibft/messages/helpers.go:56.2,58.47 2 1
github.com/nubank/go-ibft/messages/helpers.go:52.58,54.3 1 1
github.com/nubank/go-ibft/messages/helpers.go:62.65,63.58 1 1
github.com/nubank/go-ibft/messages/helpers.go:67.2,69.51 2 1
github.com/nubank/go-ibft/messages/helpers.go:63.58,65.3 1 1
github.com/nubank/go-ibft/messages/helpers.go:73.98,74.58 1 1
github.com/nubank/go-ibft/messages/helpers.go:78.2,80.50 2 1
github.com/nubank/go-ibft/messages/helpers.go:74.58,76.3 1 1
github.com/nubank/go-ibft/messages/helpers.go:84.63,85.54 1 1
github.com/nubank/go-ibft/messages/helpers.go:89.2,91.45 2 1
github.com/nubank/go-ibft/messages/helpers.go:85.54,87.3 1 1
github.com/nubank/go-ibft/messages/helpers.go:95.84,96.63 1 1
github.com/nubank/go-ibft/messages/helpers.go:100.2,102.57 2 1
github.com/nubank/go-ibft/messages/helpers.go:96.63,98.3 1 1
github.com/nubank/go-ibft/messages/helpers.go:106.81,107.63 1 1
github.com/nubank/go-ibft/messages/helpers.go:111.2,113.57 2 1
github.com/nubank/go-ibft/messages/helpers.go:107.63,109.3 1 1
github.com/nubank/go-ibft/messages/helpers.go:117.55,118.23 1 1
github.com/nubank/go-ibft/messages/helpers.go:122.2,124.35 2 1
github.com/nubank/go-ibft/messages/helpers.go:133.2,133.13 1 1
github.com/nubank/go-ibft/messages/helpers.go:118.23,120.3 1 1
github.com/nubank/go-ibft/messages/helpers.go:124.35,126.42 2 1
github.com/nubank/go-ibft/messages/helpers.go:130.3,130.30 1 1
github.com/nubank/go-ibft/messages/helpers.go:126.42,128.4 1 1
github.com/nubank/go-ibft/messages/helpers.go:137.59,138.23 1 1
github.com/nubank/go-ibft/messages/helpers.go:142.2,144.35 2 1
github.com/nubank/go-ibft/messages/helpers.go:168.2,168.13 1 1
github.com/nubank/go-ibft/messages/helpers.go:138.23,140.3 1 1
github.com/nubank/go-ibft/messages/helpers.go:144.35,147.23 2 1
github.com/nubank/go-ibft/messages/helpers.go:156.3,156.18 1 1
github.com/nubank/go-ibft/messages/helpers.go:163.3,163.40 1 1
github.com/nubank/go-ibft/messages/helpers.go:148.37,149.48 1 1
github.com/nubank/go-ibft/messages/helpers.go:150.34,151.47 1 1
github.com/nubank/go-ibft/messages/helpers.go:152.11,153.16 1 1
github.com/nubank/go-ibft/messages/helpers.go:156.18,161.4 1 1
github.com/nubank/go-ibft/messages/helpers.go:163.40,165.4 1 1
github.com/nubank/go-ibft/messages/helpers.go:172.70,173.23 1 1
github.com/nubank/go-ibft/messages/helpers.go:177.2,177.35 1 1
github.com/nubank/go-ibft/messages/helpers.go:183.2,183.13 1 1
github.com/nubank/go-ibft/messages/helpers.go:173.23,175.3 1 1
github.com/nubank/go-ibft/messages/helpers.go:177.35,178.34 1 1
github.com/nubank/go-ibft/messages/helpers.go:178.34,180.4 1 1
github.com/nubank/go-ibft/messages/helpers.go:187.71,188.23 1 1
github.com/nubank/go-ibft/messages/helpers.go:192.2,192.35 1 1
github.com/nubank/go-ibft/messages/helpers.go:198.2,198.13 1 1
github.com/nubank/go-ibft/messages/helpers.go:188.23,190.3 1 1
github.com/nubank/go-ibft/messages/helpers.go:192.35,193.36 1 1
github.com/nubank/go-ibft/messages/helpers.go:193.36,195.4 1 1
github.com/nubank/go-ibft/messages/messages.go:25.74,33.43 2 1
github.com/nubank/go-ibft/messages/messages.go:38.2,38.21 1 1
github.com/nubank/go-ibft/messages/messages.go:33.43,36.3 1 0
github.com/nubank/go-ibft/messages/messages.go:42.52,44.2 1 1
github.com/nubank/go-ibft/messages/messages.go:47.30,63.2 1 1
github.com/nubank/go-ibft/messages/messages.go:66.56,86.2 7 1
github.com/nubank/go-ibft/messages/messages.go:88.29,90.2 1 1
github.com/nubank/go-ibft/messages/messages.go:93.83,94.21 1 1
github.com/nubank/go-ibft/messages/messages.go:105.2,105.12 1 0
github.com/nubank/go-ibft/messages/messages.go:95.36,96.31 1 1
github.com/nubank/go-ibft/messages/messages.go:97.33,98.28 1 1
github.com/nubank/go-ibft/messages/messages.go:99.32,100.27 1 1
github.com/nubank/go-ibft/messages/messages.go:101.38,102.32 1 1
github.com/nubank/go-ibft/messages/messages.go:112.7,121.12 6 1
github.com/nubank/go-ibft/messages/messages.go:126.2,127.12 2 1
github.com/nubank/go-ibft/messages/messages.go:131.2,131.22 1 1
github.com/nubank/go-ibft/messages/messages.go:121.12,123.3 1 1
github.com/nubank/go-ibft/messages/messages.go:127.12,129.3 1 0
github.com/nubank/go-ibft/messages/messages.go:136.50,145.43 2 1
github.com/nubank/go-ibft/messages/messages.go:145.43,153.37 4 1
github.com/nubank/go-ibft/messages/messages.go:159.3,159.15 1 1
github.com/nubank/go-ibft/messages/messages.go:153.37,154.26 1 1
github.com/nubank/go-ibft/messages/messages.go:154.26,156.5 1 1
github.com/nubank/go-ibft/messages/messages.go:168.17,173.12 3 1
github.com/nubank/go-ibft/messages/messages.go:177.2,177.32 1 1
github.com/nubank/go-ibft/messages/messages.go:173.12,175.3 1 0
github.com/nubank/go-ibft/messages/messages.go:186.20,196.37 7 1
github.com/nubank/go-ibft/messages/messages.go:207.2,207.41 1 1
github.com/nubank/go-ibft/messages/messages.go:211.2,211.22 1 1
github.com/nubank/go-ibft/messages/messages.go:196.37,197.24 1 1
github.com/nubank/go-ibft/messages/messages.go:203.3,203.49 1 0
github.com/nubank/go-ibft/messages/messages.go:197.24,200.12 2 1
github.com/nubank/go-ibft/messages/messages.go:207.41,209.3 1 1
github.com/nubank/go-ibft/messages/messages.go:216.90,230.43 7 1
github.com/nubank/go-ibft/messages/messages.go:242.2,242.20 1 1
github.com/nubank/go-ibft/messages/messages.go:247.2,248.49 2 1
github.com/nubank/go-ibft/messages/messages.go:252.2,252.17 1 1
github.com/nubank/go-ibft/messages/messages.go:230.43,231.23 1 1
github.com/nubank/go-ibft/messages/messages.go:235.3,236.36 2 1
github.com/nubank/go-ibft/messages/messages.go:231.23,232.12 1 0
github.com/nubank/go-ibft/messages/messages.go:236.36,239.4 2 1
github.com/nubank/go-ibft/messages/messages.go:242.20,245.3 1 0
github.com/nubank/go-ibft/messages/messages.go:248.49,250.3 1 1
github.com/nubank/go-ibft/messages/messages.go:267.75,275.13 3 1
github.com/nubank/go-ibft/messages/messages.go:282.2,283.13 2 1
github.com/nubank/go-ibft/messages/messages.go:289.2,289.17 1 1
github.com/nubank/go-ibft/messages/messages.go:275.13,279.3 2 1
github.com/nubank/go-ibft/messages/messages.go:283.13,287.3 2 1
github.com/nubank/go-ibft/core/ibft.go:98.9,119.2 1 1
github.com/nubank/go-ibft/core/ibft.go:123.67,137.9 6 1
github.com/nubank/go-ibft/core/ibft.go:138.20,141.15 2 1
github.com/nubank/go-ibft/core/ibft.go:142.17,145.28 1 1
github.com/nubank/go-ibft/core/ibft.go:152.56,153.9 1 1
github.com/nubank/go-ibft/core/ibft.go:154.36,154.36 0 1
github.com/nubank/go-ibft/core/ibft.go:155.20,155.20 0 0
github.com/nubank/go-ibft/core/ibft.go:161.53,162.9 1 1
github.com/nubank/go-ibft/core/ibft.go:163.33,164.36 1 1
github.com/nubank/go-ibft/core/ibft.go:165.20,166.68 1 0
github.com/nubank/go-ibft/core/ibft.go:172.64,173.9 1 1
github.com/nubank/go-ibft/core/ibft.go:174.35,174.35 0 1
github.com/nubank/go-ibft/core/ibft.go:175.20,175.20 0 0
github.com/nubank/go-ibft/core/ibft.go:186.79,187.9 1 1
github.com/nubank/go-ibft/core/ibft.go:188.30,188.30 0 1
github.com/nubank/go-ibft/core/ibft.go:189.20,189.20 0 0
github.com/nubank/go-ibft/core/ibft.go:195.60,213.15 2 1
github.com/nubank/go-ibft/core/ibft.go:219.2,219.6 1 1
github.com/nubank/go-ibft/core/ibft.go:213.15,217.3 2 1
github.com/nubank/go-ibft/core/ibft.go:219.6,220.10 1 1
github.com/nubank/go-ibft/core/ibft.go:221.21,222.10 1 1
github.com/nubank/go-ibft/core/ibft.go:223.29,225.23 2 1
github.com/nubank/go-ibft/core/ibft.go:230.4,235.10 2 1
github.com/nubank/go-ibft/core/ibft.go:225.23,226.13 1 0
github.com/nubank/go-ibft/core/ibft.go:243.69,265.6 4 1
github.com/nubank/go-ibft/core/ibft.go:265.6,266.10 1 1
github.com/nubank/go-ibft/core/ibft.go:267.21,268.10 1 1
github.com/nubank/go-ibft/core/ibft.go:269.29,277.18 2 1
github.com/nubank/go-ibft/core/ibft.go:282.4,284.10 2 1
github.com/nubank/go-ibft/core/ibft.go:277.18,278.13 1 1
github.com/nubank/go-ibft/core/ibft.go:290.59,298.6 5 1
github.com/nubank/go-ibft/core/ibft.go:298.6,320.22 10 1
github.com/nubank/go-ibft/core/ibft.go:325.3,325.10 1 1
github.com/nubank/go-ibft/core/ibft.go:320.22,323.4 2 1
github.com/nubank/go-ibft/core/ibft.go:326.30,332.33 5 1
github.com/nubank/go-ibft/core/ibft.go:333.38,337.27 3 1
github.com/nubank/go-ibft/core/ibft.go:338.25,345.41 5 1
github.com/nubank/go-ibft/core/ibft.go:346.22,352.10 3 1
github.com/nubank/go-ibft/core/ibft.go:353.21,357.10 3 1
github.com/nubank/go-ibft/core/ibft.go:363.48,375.55 4 1
github.com/nubank/go-ibft/core/ibft.go:393.2,393.18 1 1
github.com/nubank/go-ibft/core/ibft.go:375.55,379.29 3 1
github.com/nubank/go-ibft/core/ibft.go:385.3,390.49 4 1
github.com/nubank/go-ibft/core/ibft.go:379.29,383.4 2 0
github.com/nubank/go-ibft/core/ibft.go:401.33,420.6 3 1
github.com/nubank/go-ibft/core/ibft.go:420.6,421.10 1 1
github.com/nubank/go-ibft/core/ibft.go:422.21,423.14 1 0
github.com/nubank/go-ibft/core/ibft.go:424.20,426.18 2 1
github.com/nubank/go-ibft/core/ibft.go:430.4,430.14 1 1
github.com/nubank/go-ibft/core/ibft.go:426.18,427.13 1 0
github.com/nubank/go-ibft/core/ibft.go:437.104,443.45 2 1
github.com/nubank/go-ibft/core/ibft.go:456.2,462.29 2 1
github.com/nubank/go-ibft/core/ibft.go:466.2,468.3 1 1
github.com/nubank/go-ibft/core/ibft.go:443.45,448.45 3 1
github.com/nubank/go-ibft/core/ibft.go:453.3,453.61 1 1
github.com/nubank/go-ibft/core/ibft.go:448.45,450.4 1 0
github.com/nubank/go-ibft/core/ibft.go:462.29,464.3 1 1
github.com/nubank/go-ibft/core/ibft.go:476.8,478.43 1 1
github.com/nubank/go-ibft/core/ibft.go:483.2,483.24 1 1
github.com/nubank/go-ibft/core/ibft.go:487.2,494.50 4 1
github.com/nubank/go-ibft/core/ibft.go:501.2,501.43 1 1
github.com/nubank/go-ibft/core/ibft.go:507.2,507.13 1 1
github.com/nubank/go-ibft/core/ibft.go:478.43,480.3 1 1
github.com/nubank/go-ibft/core/ibft.go:483.24,485.3 1 0
github.com/nubank/go-ibft/core/ibft.go:494.50,498.3 2 1
github.com/nubank/go-ibft/core/ibft.go:501.43,502.53 1 1
github.com/nubank/go-ibft/core/ibft.go:502.53,504.4 1 0
github.com/nubank/go-ibft/core/ibft.go:511.47,514.6 2 1
github.com/nubank/go-ibft/core/ibft.go:514.6,515.33 1 1
github.com/nubank/go-ibft/core/ibft.go:528.3,528.21 1 1
github.com/nubank/go-ibft/core/ibft.go:516.17,517.32 1 1
github.com/nubank/go-ibft/core/ibft.go:518.16,519.31 1 1
github.com/nubank/go-ibft/core/ibft.go:520.15,521.30 1 1
github.com/nubank/go-ibft/core/ibft.go:522.12,525.10 2 1
github.com/nubank/go-ibft/core/ibft.go:528.21,531.4 1 1
github.com/nubank/go-ibft/core/ibft.go:536.55,558.6 5 1
github.com/nubank/go-ibft/core/ibft.go:558.6,559.10 1 1
github.com/nubank/go-ibft/core/ibft.go:560.21,562.28 1 1
github.com/nubank/go-ibft/core/ibft.go:563.20,567.30 2 1
github.com/nubank/go-ibft/core/ibft.go:572.4,582.14 5 1
github.com/nubank/go-ibft/core/ibft.go:567.30,568.13 1 1
github.com/nubank/go-ibft/core/ibft.go:589.82,599.52 2 1
github.com/nubank/go-ibft/core/ibft.go:604.2,604.60 1 1
github.com/nubank/go-ibft/core/ibft.go:609.2,609.41 1 1
github.com/nubank/go-ibft/core/ibft.go:599.52,601.3 1 1
github.com/nubank/go-ibft/core/ibft.go:604.60,606.3 1 1
github.com/nubank/go-ibft/core/ibft.go:613.77,620.25 2 1
github.com/nubank/go-ibft/core/ibft.go:625.2,625.42 1 1
github.com/nubank/go-ibft/core/ibft.go:630.2,630.57 1 1
github.com/nubank/go-ibft/core/ibft.go:634.2,634.13 1 1
github.com/nubank/go-ibft/core/ibft.go:620.25,622.3 1 0
github.com/nubank/go-ibft/core/ibft.go:625.42,627.3 1 1
github.com/nubank/go-ibft/core/ibft.go:630.57,632.3 1 0
github.com/nubank/go-ibft/core/ibft.go:638.76,649.42 2 1
github.com/nubank/go-ibft/core/ibft.go:654.2,654.24 1 1
github.com/nubank/go-ibft/core/ibft.go:659.2,659.74 1 1
github.com/nubank/go-ibft/core/ibft.go:664.2,664.57 1 1
github.com/nubank/go-ibft/core/ibft.go:669.2,669.53 1 1
github.com/nubank/go-ibft/core/ibft.go:678.2,685.52 3 1
github.com/nubank/go-ibft/core/ibft.go:699.2,699.44 1 1
github.com/nubank/go-ibft/core/ibft.go:704.2,709.53 2 1
github.com/nubank/go-ibft/core/ibft.go:716.2,716.48 1 1
github.com/nubank/go-ibft/core/ibft.go:649.42,651.3 1 1
github.com/nubank/go-ibft/core/ibft.go:654.24,656.3 1 1
github.com/nubank/go-ibft/core/ibft.go:659.74,661.3 1 1
github.com/nubank/go-ibft/core/ibft.go:664.57,666.3 1 1
github.com/nubank/go-ibft/core/ibft.go:669.53,671.48 1 1
github.com/nubank/go-ibft/core/ibft.go:671.48,673.4 1 0
github.com/nubank/go-ibft/core/ibft.go:685.52,689.75 2 1
github.com/nubank/go-ibft/core/ibft.go:689.75,696.4 2 1
github.com/nubank/go-ibft/core/ibft.go:699.44,701.3 1 1
github.com/nubank/go-ibft/core/ibft.go:709.53,710.29 1 1
github.com/nubank/go-ibft/core/ibft.go:710.29,713.4 2 1
github.com/nubank/go-ibft/core/ibft.go:721.66,722.57 1 1
github.com/nubank/go-ibft/core/ibft.go:731.2,737.19 2 1
github.com/nubank/go-ibft/core/ibft.go:741.2,741.16 1 1
github.com/nubank/go-ibft/core/ibft.go:722.57,723.22 1 1
github.com/nubank/go-ibft/core/ibft.go:728.3,728.43 1 1
github.com/nubank/go-ibft/core/ibft.go:723.22,726.4 1 1
github.com/nubank/go-ibft/core/ibft.go:737.19,739.3 1 1
github.com/nubank/go-ibft/core/ibft.go:745.54,770.6 5 1
github.com/nubank/go-ibft/core/ibft.go:770.6,771.10 1 1
github.com/nubank/go-ibft/core/ibft.go:772.21,774.28 1 1
github.com/nubank/go-ibft/core/ibft.go:775.20,776.38 1 1
github.com/nubank/go-ibft/core/ibft.go:781.4,781.14 1 1
github.com/nubank/go-ibft/core/ibft.go:776.38,778.13 1 0
github.com/nubank/go-ibft/core/ibft.go:788.68,789.54 1 1
github.com/nubank/go-ibft/core/ibft.go:797.2,803.42 2 1
github.com/nubank/go-ibft/core/ibft.go:809.2,821.13 4 1
github.com/nubank/go-ibft/core/ibft.go:789.54,795.3 1 1
github.com/nubank/go-ibft/core/ibft.go:803.42,806.3 1 0
github.com/nubank/go-ibft/core/ibft.go:825.53,850.6 5 1
github.com/nubank/go-ibft/core/ibft.go:850.6,851.10 1 1
github.com/nubank/go-ibft/core/ibft.go:852.21,854.28 1 1
github.com/nubank/go-ibft/core/ibft.go:855.20,856.37 1 1
github.com/nubank/go-ibft/core/ibft.go:861.4,861.14 1 1
github.com/nubank/go-ibft/core/ibft.go:856.37,858.13 1 0
github.com/nubank/go-ibft/core/ibft.go:868.67,869.53 1 1
github.com/nubank/go-ibft/core/ibft.go:883.2,884.39 2 1
github.com/nubank/go-ibft/core/ibft.go:890.2,897.13 3 1
github.com/nubank/go-ibft/core/ibft.go:869.53,875.74 2 1
github.com/nubank/go-ibft/core/ibft.go:880.3,880.69 1 1
github.com/nubank/go-ibft/core/ibft.go:875.74,877.4 1 0
github.com/nubank/go-ibft/core/ibft.go:884.39,887.3 1 0
github.com/nubank/go-ibft/core/ibft.go:901.44,906.2 3 1
github.com/nubank/go-ibft/core/ibft.go:909.30,922.2 4 1
github.com/nubank/go-ibft/core/ibft.go:925.45,934.2 4 1
github.com/nubank/go-ibft/core/ibft.go:936.84,942.16 2 1
github.com/nubank/go-ibft/core/ibft.go:956.2,957.16 2 1
github.com/nubank/go-ibft/core/ibft.go:963.2,965.46 2 1
github.com/nubank/go-ibft/core/ibft.go:976.2,976.29 1 1
github.com/nubank/go-ibft/core/ibft.go:990.2,997.3 1 1
github.com/nubank/go-ibft/core/ibft.go:942.16,953.3 2 1
github.com/nubank/go-ibft/core/ibft.go:957.16,960.3 1 0
github.com/nubank/go-ibft/core/ibft.go:965.46,969.22 2 1
github.com/nubank/go-ibft/core/ibft.go:969.22,972.9 2 1
github.com/nubank/go-ibft/core/ibft.go:976.29,988.3 2 1
github.com/nubank/go-ibft/core/ibft.go:1001.63,1005.2 2 1
github.com/nubank/go-ibft/core/ibft.go:1008.51,1010.20 1 1
github.com/nubank/go-ibft/core/ibft.go:1015.2,1015.36 1 1
github.com/nubank/go-ibft/core/ibft.go:1010.20,1012.3 1 0
github.com/nubank/go-ibft/core/ibft.go:1015.36,1017.3 1 1
github.com/nubank/go-ibft/core/ibft.go:1021.65,1023.39 1 1
github.com/nubank/go-ibft/core/ibft.go:1028.2,1028.25 1 1
github.com/nubank/go-ibft/core/ibft.go:1034.2,1034.47 1 1
github.com/nubank/go-ibft/core/ibft.go:1039.2,1039.49 1 1
github.com/nubank/go-ibft/core/ibft.go:1023.39,1025.3 1 1
github.com/nubank/go-ibft/core/ibft.go:1028.25,1030.3 1 1
github.com/nubank/go-ibft/core/ibft.go:1034.47,1036.3 1 1
github.com/nubank/go-ibft/core/ibft.go:1043.57,1045.2 1 1
github.com/nubank/go-ibft/core/ibft.go:1052.8,1053.24 1 1
github.com/nubank/go-ibft/core/ibft.go:1059.2,1059.78 1 1
github.com/nubank/go-ibft/core/ibft.go:1063.2,1069.67 2 1
github.com/nubank/go-ibft/core/ibft.go:1074.2,1074.70 1 1
github.com/nubank/go-ibft/core/ibft.go:1079.2,1079.54 1 1
github.com/nubank/go-ibft/core/ibft.go:1086.2,1086.45 1 1
github.com/nubank/go-ibft/core/ibft.go:1091.2,1091.49 1 1
github.com/nubank/go-ibft/core/ibft.go:1096.2,1096.54 1 1
github.com/nubank/go-ibft/core/ibft.go:1101.2,1101.54 1 1
github.com/nubank/go-ibft/core/ibft.go:1107.2,1108.85 2 1
github.com/nubank/go-ibft/core/ibft.go:1113.2,1113.54 1 1
github.com/nubank/go-ibft/core/ibft.go:1120.2,1120.13 1 1
github.com/nubank/go-ibft/core/ibft.go:1053.24,1056.3 1 1
github.com/nubank/go-ibft/core/ibft.go:1059.78,1061.3 1 1
github.com/nubank/go-ibft/core/ibft.go:1069.67,1071.3 1 1
github.com/nubank/go-ibft/core/ibft.go:1074.70,1076.3 1 1
github.com/nubank/go-ibft/core/ibft.go:1079.54,1080.48 1 1
github.com/nubank/go-ibft/core/ibft.go:1080.48,1082.4 1 1
github.com/nubank/go-ibft/core/ibft.go:1086.45,1088.3 1 1
github.com/nubank/go-ibft/core/ibft.go:1091.49,1093.3 1 1
github.com/nubank/go-ibft/core/ibft.go:1096.54,1098.3 1 1
github.com/nubank/go-ibft/core/ibft.go:1101.54,1103.3 1 1
github.com/nubank/go-ibft/core/ibft.go:1108.85,1110.3 1 1
github.com/nubank/go-ibft/core/ibft.go:1113.54,1115.40 1 1
github.com/nubank/go-ibft/core/ibft.go:1115.40,1117.4 1 1
github.com/nubank/go-ibft/core/ibft.go:1124.62,1126.2 1 1
github.com/nubank/go-ibft/core/ibft.go:1129.64,1140.2 1 1
github.com/nubank/go-ibft/core/ibft.go:1143.53,1150.2 1 1
github.com/nubank/go-ibft/core/ibft.go:1153.52,1160.2 1 1
github.com/nubank/go-ibft/core/state.go:19.42,20.11 1 1
github.com/nubank/go-ibft/core/state.go:31.2,31.8 1 1
github.com/nubank/go-ibft/core/state.go:21.16,22.20 1 1
github.com/nubank/go-ibft/core/state.go:23.15,24.18 1 1
github.com/nubank/go-ibft/core/state.go:25.14,26.17 1 1
github.com/nubank/go-ibft/core/state.go:27.11,28.14 1 1
github.com/nubank/go-ibft/core/state.go:59.39,67.2 3 1
github.com/nubank/go-ibft/core/state.go:69.38,84.2 9 1
github.com/nubank/go-ibft/core/state.go:86.58,91.2 3 1
github.com/nubank/go-ibft/core/state.go:93.57,98.2 3 1
github.com/nubank/go-ibft/core/state.go:100.53,105.2 3 1
github.com/nubank/go-ibft/core/state.go:107.42,112.2 3 1
github.com/nubank/go-ibft/core/state.go:114.68,119.2 3 1
github.com/nubank/go-ibft/core/state.go:121.35,126.2 3 1
github.com/nubank/go-ibft/core/state.go:128.36,133.2 3 1
github.com/nubank/go-ibft/core/state.go:135.38,139.30 3 1
github.com/nubank/go-ibft/core/state.go:143.2,143.12 1 1
github.com/nubank/go-ibft/core/state.go:139.30,141.3 1 1
github.com/nubank/go-ibft/core/state.go:146.63,151.2 3 1
github.com/nubank/go-ibft/core/state.go:153.42,158.2 3 1
github.com/nubank/go-ibft/core/state.go:160.45,165.2 3 1
github.com/nubank/go-ibft/core/state.go:167.47,172.2 3 1
github.com/nubank/go-ibft/core/state.go:174.43,179.2 3 1
github.com/nubank/go-ibft/core/state.go:181.68,186.2 3 1
github.com/nubank/go-ibft/core/state.go:188.28,192.21 3 1
github.com/nubank/go-ibft/core/state.go:192.21,196.3 2 1
github.com/nubank/go-ibft/core/state.go:202.3,211.2 5 1
